2024-10-24 16:32:17,680 [INFO]: Ronin_total: 18
2024-10-24 16:32:17,905 [INFO]: Ronin_Failed: 1
2024-10-24 16:32:18,119 [INFO]: ApacheTotal: 165
2024-10-24 16:32:18,296 [INFO]: ApacheFailed: 2
2024-10-24 16:32:26,094 [INFO]: Email sent successfully! To:rahul.mandal@tvsmotor.com, CC:satyam.ramani@tvsmotor.com, prasanth@newgendigital.com,utkarsh.sharma@tvsmotor.com, jaidip.palit@tvsmotor.com, arun.reddy@tvsmotor.com
2024-10-24 16:43:46,653 [INFO]: Ronin_total: 19
2024-10-24 16:43:46,751 [INFO]: Ronin_Failed: 1
2024-10-24 16:43:46,871 [INFO]: ApacheTotal: 180
2024-10-24 16:43:46,966 [INFO]: ApacheFailed: 2
2024-10-24 16:43:52,727 [INFO]: Email sent successfully! To:ajithkumaraji9047@gmail.com, CC:lonleykoder@gmail.com, prasanth@newgendigital.com
2024-10-24 16:46:31,874 [INFO]: Ronin_total: 20
2024-10-24 16:46:32,021 [INFO]: Ronin_Failed: 1
2024-10-24 16:46:32,133 [INFO]: ApacheTotal: 184
2024-10-24 16:46:32,245 [INFO]: ApacheFailed: 2
2024-10-24 16:46:38,478 [INFO]: Email sent successfully! To:ajithkumaraji9047@gmail.com, CC:lonleykoder@gmail.com, prasanth@newgendigital.com
2024-10-24 16:51:36,074 [INFO]: Ronin_total: 98
2024-10-24 16:51:36,206 [INFO]: Ronin_Failed: 6
2024-10-24 16:51:36,337 [INFO]: ApacheTotal: 724
2024-10-24 16:51:36,463 [INFO]: ApacheFailed: 46
2024-10-24 16:51:42,002 [INFO]: Email sent successfully! To:ajithkumaraji9047@gmail.com, CC:lonleykoder@gmail.com, prasanth@newgendigital.com
2024-10-24 16:53:16,732 [INFO]: Ronin_total: 57
2024-10-24 16:53:16,809 [INFO]: Ronin_Failed: 1
2024-10-24 16:53:16,900 [INFO]: ApacheTotal: 314
2024-10-24 16:53:17,009 [INFO]: ApacheFailed: 4
2024-10-24 16:53:22,016 [INFO]: Email sent successfully! To:ajithkumaraji9047@gmail.com, CC:lonleykoder@gmail.com, prasanth@newgendigital.com
