2024-09-12 11:22:42,674 [ERROR]: Invalid time range
2024-09-12 11:24:46,088 [ERROR]: Invalid time range
2024-09-12 11:25:25,404 [ERROR]: Invalid time range
2024-09-12 11:25:55,662 [ERROR]: Failed to establish a database connection: ('08001', '[08001] [Microsoft][ODBC Driver 17 for SQL Server]Named Pipes Provider: Could not open a connection to SQL Server [53].  (53) (SQLDriverConnect); [08001] [Microsoft][ODBC Driver 17 for SQL Server]Login timeout expired (0); [08001] [Microsoft][ODBC Driver 17 for SQL Server]A network-related or instance-specific error has occurred while establishing a connection to SQL Server. Server is not found or not accessible. Check if instance name is correct and if SQL Server is configured to allow remote connections. For more information see SQL Server Books Online. (53)')
2024-09-12 11:25:55,663 [ERROR]: Failed to execute the query: 'NoneType' object has no attribute 'execute'
2024-09-12 11:31:09,253 [ERROR]: Failed to establish a database connection: ('08001', '[08001] [Microsoft][ODBC Driver 17 for SQL Server]Named Pipes Provider: Could not open a connection to SQL Server [53].  (53) (SQLDriverConnect); [08001] [Microsoft][ODBC Driver 17 for SQL Server]Login timeout expired (0); [08001] [Microsoft][ODBC Driver 17 for SQL Server]A network-related or instance-specific error has occurred while establishing a connection to SQL Server. Server is not found or not accessible. Check if instance name is correct and if SQL Server is configured to allow remote connections. For more information see SQL Server Books Online. (53)')
2024-09-12 11:31:09,254 [ERROR]: Failed to execute the query: 'NoneType' object has no attribute 'execute'
2024-09-12 11:31:09,255 [ERROR]: An error occurred: object of type 'NoneType' has no len()
2024-09-12 11:32:26,963 [INFO]: ApacheTotal: 60
2024-09-12 11:32:27,116 [INFO]: ApacheFailed: 1
2024-09-12 11:32:28,036 [INFO]: RoninTotal: 53
2024-09-12 11:32:28,183 [INFO]: RoninFailed: 2
2024-09-12 11:32:32,351 [INFO]: Email sent successfully! To:ajithkumaraji9047@gmqil.com, CC:lonleykoder@gmail.com
2024-09-12 11:40:23,784 [INFO]: ApacheTotal: 62
2024-09-12 11:40:23,935 [INFO]: ApacheFailed: 1
2024-09-12 11:40:24,352 [INFO]: RoninTotal: 57
2024-09-12 11:40:24,464 [INFO]: RoninFailed: 2
2024-09-12 11:40:29,035 [INFO]: Email sent successfully! To:ajithkumaraji9047@gmail.com, CC:lonleykoder@gmail.com, prasanth@newgendigital.com
2024-09-12 11:45:40,942 [INFO]: ApacheTotal: 66
2024-09-12 11:45:41,080 [INFO]: ApacheFailed: 1
2024-09-12 11:45:41,510 [INFO]: RoninTotal: 59
2024-09-12 11:45:41,629 [INFO]: RoninFailed: 3
2024-09-12 11:45:50,326 [INFO]: Email sent successfully! To:ajithkumaraji9047@gmail.com, CC:lonleykoder@gmail.com, prasanth@newgendigital.com
2024-09-12 12:01:37,775 [ERROR]: Failed to establish a database connection: ('08001', '[08001] [Microsoft][ODBC Driver 17 for SQL Server]Named Pipes Provider: Could not open a connection to SQL Server [53].  (53) (SQLDriverConnect); [08001] [Microsoft][ODBC Driver 17 for SQL Server]Login timeout expired (0); [08001] [Microsoft][ODBC Driver 17 for SQL Server]A network-related or instance-specific error has occurred while establishing a connection to SQL Server. Server is not found or not accessible. Check if instance name is correct and if SQL Server is configured to allow remote connections. For more information see SQL Server Books Online. (53)')
2024-09-12 12:01:37,776 [ERROR]: Failed to execute the query: 'NoneType' object has no attribute 'execute'
2024-09-12 12:01:37,776 [ERROR]: An error occurred: object of type 'NoneType' has no len()
2024-09-12 12:01:43,569 [INFO]: Count Email sent successfully!
2024-09-13 10:13:26,029 [INFO]: ApacheTotal: 8
2024-09-13 10:13:26,448 [INFO]: ApacheFailed: 0
2024-09-13 10:13:26,602 [INFO]: RoninTotal: 6
2024-09-13 10:13:26,808 [INFO]: RoninFailed: 0
2024-09-13 10:13:32,317 [INFO]: Email sent successfully! To:satyam.ramani@tvsmotor.com, CC:lonleykoder@gmail.com, prasanth@newgendigital.com
2024-09-13 10:19:17,378 [INFO]: ApacheTotal: 261
2024-09-13 10:19:17,503 [INFO]: ApacheFailed: 9
2024-09-13 10:19:18,144 [INFO]: RoninTotal: 216
2024-09-13 10:19:18,267 [INFO]: RoninFailed: 2
2024-09-13 10:19:22,927 [INFO]: Email sent successfully! To:satyam.ramani@tvsmotor.com, CC:lonleykoder@gmail.com, prasanth@newgendigital.com
2024-09-13 10:28:49,304 [INFO]: Ronin_total: 22
2024-09-13 10:28:49,418 [INFO]: Ronin_Failed: 0
2024-09-13 10:28:49,633 [INFO]: ApacheTotal: 14
2024-09-13 10:28:49,827 [INFO]: ApacheFailed: 0
2024-09-13 10:28:54,257 [INFO]: Email sent successfully! To:satyam.ramani@tvsmotor.com, CC:lonleykoder@gmail.com, prasanth@newgendigital.com
2024-09-13 14:06:00,004 [INFO]: Ronin_total: 4
2024-09-13 14:06:00,667 [INFO]: Ronin_Failed: 1
2024-09-13 14:06:01,384 [INFO]: ApacheTotal: 3
2024-09-13 14:06:02,070 [INFO]: ApacheFailed: 1
2024-09-13 14:06:06,550 [INFO]: Email sent successfully! To:satyam.ramani@tvsmotor.com, CC:lonleykoder@gmail.com, prasanth@newgendigital.com
2024-09-13 14:11:35,126 [INFO]: Ronin_total: 7
2024-09-13 14:11:36,011 [INFO]: Ronin_Failed: 1
2024-09-13 14:11:36,511 [INFO]: ApacheTotal: 6
2024-09-13 14:11:37,100 [INFO]: ApacheFailed: 1
2024-09-13 14:13:04,933 [INFO]: Ronin_total: 8
2024-09-13 14:13:05,671 [INFO]: Ronin_Failed: 1
2024-09-13 14:13:06,038 [INFO]: ApacheTotal: 6
2024-09-13 14:13:06,387 [INFO]: ApacheFailed: 1
