2024-10-21 14:46:07,074 [INFO]: Ronin_total: 16
2024-10-21 14:46:07,290 [INFO]: Ronin_Failed: 0
2024-10-21 14:46:07,427 [INFO]: ApacheTotal: 32
2024-10-21 14:46:07,547 [INFO]: ApacheFailed: 0
2024-10-21 14:46:14,052 [INFO]: Email sent successfully! To:rahul.mandal@tvsmotor.com, CC:satyam.ramani@tvsmotor.com, prasanth@newgendigital.com,utkarsh.sharma@tvsmotor.com, jaidip.palit@tvsmotor.com, arun.reddy@tvsmotor.com
2024-10-22 11:20:27,269 [INFO]: Ronin_total: 20
2024-10-22 11:20:27,438 [INFO]: Ronin_Failed: 9
2024-10-22 11:20:27,486 [INFO]: ApacheTotal: 150
2024-10-22 11:20:27,639 [INFO]: ApacheFailed: 52
2024-10-22 11:20:34,482 [INFO]: Email sent successfully! To:rahul.mandal@tvsmotor.com, CC:satyam.ramani@tvsmotor.com, prasanth@newgendigital.com,utkarsh.sharma@tvsmotor.com, jaidip.palit@tvsmotor.com, arun.reddy@tvsmotor.com
2024-10-22 17:15:40,359 [INFO]: Ronin_total: 50
2024-10-22 17:15:40,408 [INFO]: Ronin_Failed: 0
2024-10-22 17:15:40,456 [INFO]: ApacheTotal: 134
2024-10-22 17:15:40,502 [INFO]: ApacheFailed: 1
2024-10-22 17:15:44,865 [INFO]: Email sent successfully! To:rahul.mandal@tvsmotor.com, CC:satyam.ramani@tvsmotor.com, prasanth@newgendigital.com,utkarsh.sharma@tvsmotor.com, jaidip.palit@tvsmotor.com, arun.reddy@tvsmotor.com
2024-10-22 17:15:52,899 [INFO]: Ronin_total: 50
2024-10-22 17:15:52,951 [INFO]: Ronin_Failed: 0
2024-10-22 17:15:52,998 [INFO]: ApacheTotal: 134
2024-10-22 17:15:53,045 [INFO]: ApacheFailed: 1
2024-10-22 17:16:01,947 [INFO]: Email sent successfully! To:rahul.mandal@tvsmotor.com, CC:satyam.ramani@tvsmotor.com, prasanth@newgendigital.com,utkarsh.sharma@tvsmotor.com, jaidip.palit@tvsmotor.com, arun.reddy@tvsmotor.com
2024-10-24 10:28:37,552 [INFO]: Ronin_total: 7
2024-10-24 10:28:37,903 [INFO]: Ronin_Failed: 0
2024-10-24 10:28:38,057 [INFO]: ApacheTotal: 29
2024-10-24 10:28:38,210 [INFO]: ApacheFailed: 0
2024-10-24 10:28:43,766 [INFO]: Email sent successfully! To:rahul.mandal@tvsmotor.com, CC:satyam.ramani@tvsmotor.com, prasanth@newgendigital.com,utkarsh.sharma@tvsmotor.com, jaidip.palit@tvsmotor.com, arun.reddy@tvsmotor.com
